manifest-merger-release-report.txt
-- Merging decision tree log ---
manifest
ADDED from AndroidManifest.xml:2:1
	xmlns:android
		ADDED from AndroidManifest.xml:2:11
	package
		ADDED from AndroidManifest.xml:3:5
		INJECTED from AndroidManifest.xml:0:0
		INJECTED from AndroidManifest.xml:0:0
	android:versionName
		INJECTED from AndroidManifest.xml:0:0
		INJECTED from AndroidManifest.xml:0:0
	android:versionCode
		INJECTED from AndroidManifest.xml:0:0
		INJECTED from AndroidManifest.xml:0:0
uses-feature#android.hardware.type.watch
ADDED from AndroidManifest.xml:5:5
	android:name
		ADDED from AndroidManifest.xml:5:19
uses-permission#com.google.android.permission.PROVIDE_BACKGROUND
ADDED from AndroidManifest.xml:7:5
	android:name
		ADDED from AndroidManifest.xml:7:22
uses-permission#android.permission.WAKE_LOCK
ADDED from AndroidManifest.xml:8:5
	android:name
		ADDED from AndroidManifest.xml:8:22
application
ADDED from AndroidManifest.xml:10:5
MERGED from com.google.android.support:wearable:1.1.0:10:5
MERGED from com.android.support:support-v4:21.0.0:16:5
MERGED from com.android.support:recyclerview-v7:21.0.0:17:5
MERGED from com.android.support:support-v4:21.0.0:16:5
MERGED from com.google.android.gms:play-services-wearable:6.5.87:19:5
MERGED from com.google.android.gms:play-services-base:6.5.87:20:5
MERGED from com.android.support:support-v4:21.0.0:16:5
	android:label
		ADDED from AndroidManifest.xml:13:9
	android:allowBackup
		ADDED from AndroidManifest.xml:11:9
	android:icon
		ADDED from AndroidManifest.xml:12:9
	android:theme
		ADDED from AndroidManifest.xml:14:9
activity#se.kjellstrand.ccc.watch.MainActivity
ADDED from AndroidManifest.xml:15:9
	android:label
		ADDED from AndroidManifest.xml:17:13
	android:name
		ADDED from AndroidManifest.xml:16:13
intent-filter#android.intent.action.MAIN+android.intent.category.LAUNCHER
ADDED from AndroidManifest.xml:18:13
action#android.intent.action.MAIN
ADDED from AndroidManifest.xml:19:17
	android:name
		ADDED from AndroidManifest.xml:19:25
category#android.intent.category.LAUNCHER
ADDED from AndroidManifest.xml:21:17
	android:name
		ADDED from AndroidManifest.xml:21:27
service#se.kjellstrand.ccc.watch.DecimalRGBWatchFaceService
ADDED from AndroidManifest.xml:26:9
	android:label
		ADDED from AndroidManifest.xml:28:13
	android:permission
		ADDED from AndroidManifest.xml:31:13
	android:allowEmbedded
		ADDED from AndroidManifest.xml:29:13
	android:taskAffinity
		ADDED from AndroidManifest.xml:30:13
	android:name
		ADDED from AndroidManifest.xml:27:13
meta-data#android.service.wallpaper
ADDED from AndroidManifest.xml:32:13
	android:resource
		ADDED from AndroidManifest.xml:34:17
	android:name
		ADDED from AndroidManifest.xml:33:17
meta-data#com.google.android.wearable.watchface.preview
ADDED from AndroidManifest.xml:35:13
	android:resource
		ADDED from AndroidManifest.xml:37:17
	android:name
		ADDED from AndroidManifest.xml:36:17
meta-data#com.google.android.wearable.watchface.preview_circular
ADDED from AndroidManifest.xml:38:13
	android:resource
		ADDED from AndroidManifest.xml:40:17
	android:name
		ADDED from AndroidManifest.xml:39:17
intent-filter#android.service.wallpaper.WallpaperService+com.google.android.wearable.watchface.category.WATCH_FACE
ADDED from AndroidManifest.xml:42:13
action#android.service.wallpaper.WallpaperService
ADDED from AndroidManifest.xml:43:17
	android:name
		ADDED from AndroidManifest.xml:43:25
category#com.google.android.wearable.watchface.category.WATCH_FACE
ADDED from AndroidManifest.xml:44:17
	android:name
		ADDED from AndroidManifest.xml:44:27
service#se.kjellstrand.ccc.watch.BinaryRGBWatchFaceService
ADDED from AndroidManifest.xml:47:9
	android:label
		ADDED from AndroidManifest.xml:49:13
	android:permission
		ADDED from AndroidManifest.xml:52:13
	android:allowEmbedded
		ADDED from AndroidManifest.xml:50:13
	android:taskAffinity
		ADDED from AndroidManifest.xml:51:13
	android:name
		ADDED from AndroidManifest.xml:48:13
uses-sdk
INJECTED from AndroidManifest.xml:0:0 reason: use-sdk injection requested
MERGED from com.google.android.support:wearable:1.1.0:6:5
MERGED from com.android.support:support-v4:21.0.0:15:5
MERGED from com.android.support:recyclerview-v7:21.0.0:15:5
MERGED from com.android.support:support-v4:21.0.0:15:5
MERGED from com.google.android.gms:play-services-wearable:6.5.87:18:5
MERGED from com.google.android.gms:play-services-base:6.5.87:18:5
MERGED from com.android.support:support-v4:21.0.0:15:5
	android:targetSdkVersion
		INJECTED from AndroidManifest.xml:0:0
		INJECTED from AndroidManifest.xml:0:0
	android:minSdkVersion
		INJECTED from AndroidManifest.xml:0:0
		INJECTED from AndroidManifest.xml:0:0
activity#android.support.v7.widget.TestActivity
ADDED from com.android.support:recyclerview-v7:21.0.0:18:9
	android:label
		ADDED from com.android.support:recyclerview-v7:21.0.0:18:19
	android:name
		ADDED from com.android.support:recyclerview-v7:21.0.0:18:60
meta-data#com.google.android.gms.version
ADDED from com.google.android.gms:play-services-base:6.5.87:21:9
	android:name
		ADDED from com.google.android.gms:play-services-base:6.5.87:22:13
	android:value
		ADDED from com.google.android.gms:play-services-base:6.5.87:23:13